<?xml version="1.0" encoding="UTF-8"?>
<!-- Generated by org.testng.reporters.JUnitReportReporter -->
<testsuite hostname="shriyan" name="org.sel.com.SeleniumDemo" tests="1" failures="0" timestamp="15 Jul 2017 04:39:02 GMT" time="19.777" errors="0">
  <testcase name="testSeleniumDemo" time="19.777" classname="org.sel.com.SeleniumDemo"/>
</testsuite> <!-- org.sel.com.SeleniumDemo -->
